

Started GET "/" for ::1 at 2015-06-25 11:21:27 -0400
Processing by Rails::WelcomeController#index as HTML
  Rendered /Users/shakumar/.rbenv/versions/2.0.0-p481/lib/ruby/gems/2.0.0/gems/railties-4.2.2/lib/rails/templates/rails/welcome/index.html.erb (1.6ms)
Completed 200 OK in 19ms (Views: 8.5ms | ActiveRecord: 0.0ms)


Started GET "/" for ::1 at 2015-06-25 11:21:36 -0400
Processing by Rails::WelcomeController#index as HTML
  Rendered /Users/shakumar/.rbenv/versions/2.0.0-p481/lib/ruby/gems/2.0.0/gems/railties-4.2.2/lib/rails/templates/rails/welcome/index.html.erb (0.1ms)
Completed 200 OK in 2ms (Views: 1.7ms | ActiveRecord: 0.0ms)


Started GET "/" for ::1 at 2015-06-25 11:22:38 -0400
Processing by HomeController#index as HTML
Completed 500 Internal Server Error in 15ms (ActiveRecord: 0.0ms)

ActionView::MissingTemplate (Missing template home/index, application/index with {:locale=>[:en], :formats=>[:html], :variants=>[], :handlers=>[:erb, :builder, :raw, :ruby, :coffee, :jbuilder]}. Searched in:
  * "/Users/shakumar/github/compiled/compiled/app/views"
):
  actionview (4.2.2) lib/action_view/path_set.rb:46:in `find'
  actionview (4.2.2) lib/action_view/lookup_context.rb:121:in `find'
  actionview (4.2.2) lib/action_view/renderer/abstract_renderer.rb:18:in `find_template'
  actionview (4.2.2) lib/action_view/renderer/template_renderer.rb:40:in `determine_template'
  actionview (4.2.2) lib/action_view/renderer/template_renderer.rb:8:in `render'
  actionview (4.2.2) lib/action_view/renderer/renderer.rb:42:in `render_template'
  actionview (4.2.2) lib/action_view/renderer/renderer.rb:23:in `render'
  actionview (4.2.2) lib/action_view/rendering.rb:100:in `_render_template'
  actionpack (4.2.2) lib/action_controller/metal/streaming.rb:217:in `_render_template'
  actionview (4.2.2) lib/action_view/rendering.rb:83:in `render_to_body'
  actionpack (4.2.2) lib/action_controller/metal/rendering.rb:32:in `render_to_body'
  actionpack (4.2.2) lib/action_controller/metal/renderers.rb:37:in `render_to_body'
  actionpack (4.2.2) lib/abstract_controller/rendering.rb:25:in `render'
  actionpack (4.2.2) lib/action_controller/metal/rendering.rb:16:in `render'
  actionpack (4.2.2) lib/action_controller/metal/instrumentation.rb:44:in `block (2 levels) in render'
  activesupport (4.2.2) lib/active_support/core_ext/benchmark.rb:12:in `block in ms'
  /Users/shakumar/.rbenv/versions/2.0.0-p481/lib/ruby/2.0.0/benchmark.rb:296:in `realtime'
  activesupport (4.2.2) lib/active_support/core_ext/benchmark.rb:12:in `ms'
  actionpack (4.2.2) lib/action_controller/metal/instrumentation.rb:44:in `block in render'
  actionpack (4.2.2) lib/action_controller/metal/instrumentation.rb:87:in `cleanup_view_runtime'
  activerecord (4.2.2) lib/active_record/railties/controller_runtime.rb:25:in `cleanup_view_runtime'
  actionpack (4.2.2) lib/action_controller/metal/instrumentation.rb:43:in `render'
  actionpack (4.2.2) lib/action_controller/metal/implicit_render.rb:10:in `default_render'
  actionpack (4.2.2) lib/action_controller/metal/implicit_render.rb:5:in `send_action'
  actionpack (4.2.2) lib/abstract_controller/base.rb:198:in `process_action'
  actionpack (4.2.2) lib/action_controller/metal/rendering.rb:10:in `process_action'
  actionpack (4.2.2) lib/abstract_controller/callbacks.rb:20:in `block in process_action'
  activesupport (4.2.2) lib/active_support/callbacks.rb:117:in `call'
  activesupport (4.2.2) lib/active_support/callbacks.rb:117:in `call'
  activesupport (4.2.2) lib/active_support/callbacks.rb:555:in `block (2 levels) in compile'
  activesupport (4.2.2) lib/active_support/callbacks.rb:505:in `call'
  activesupport (4.2.2) lib/active_support/callbacks.rb:505:in `call'
  activesupport (4.2.2) lib/active_support/callbacks.rb:92:in `_run_callbacks'
  activesupport (4.2.2) lib/active_support/callbacks.rb:776:in `_run_process_action_callbacks'
  activesupport (4.2.2) lib/active_support/callbacks.rb:81:in `run_callbacks'
  actionpack (4.2.2) lib/abstract_controller/callbacks.rb:19:in `process_action'
  actionpack (4.2.2) lib/action_controller/metal/rescue.rb:29:in `process_action'
  actionpack (4.2.2) lib/action_controller/metal/instrumentation.rb:32:in `block in process_action'
  activesupport (4.2.2) lib/active_support/notifications.rb:164:in `block in instrument'
  activesupport (4.2.2) lib/active_support/notifications/instrumenter.rb:20:in `instrument'
  activesupport (4.2.2) lib/active_support/notifications.rb:164:in `instrument'
  actionpack (4.2.2) lib/action_controller/metal/instrumentation.rb:30:in `process_action'
  actionpack (4.2.2) lib/action_controller/metal/params_wrapper.rb:250:in `process_action'
  activerecord (4.2.2) lib/active_record/railties/controller_runtime.rb:18:in `process_action'
  actionpack (4.2.2) lib/abstract_controller/base.rb:137:in `process'
  actionview (4.2.2) lib/action_view/rendering.rb:30:in `process'
  actionpack (4.2.2) lib/action_controller/metal.rb:196:in `dispatch'
  actionpack (4.2.2) lib/action_controller/metal/rack_delegation.rb:13:in `dispatch'
  actionpack (4.2.2) lib/action_controller/metal.rb:237:in `block in action'
  actionpack (4.2.2) lib/action_dispatch/routing/route_set.rb:74:in `call'
  actionpack (4.2.2) lib/action_dispatch/routing/route_set.rb:74:in `dispatch'
  actionpack (4.2.2) lib/action_dispatch/routing/route_set.rb:43:in `serve'
  actionpack (4.2.2) lib/action_dispatch/journey/router.rb:43:in `block in serve'
  actionpack (4.2.2) lib/action_dispatch/journey/router.rb:30:in `each'
  actionpack (4.2.2) lib/action_dispatch/journey/router.rb:30:in `serve'
  actionpack (4.2.2) lib/action_dispatch/routing/route_set.rb:819:in `call'
  rack (1.6.4) lib/rack/etag.rb:24:in `call'
  rack (1.6.4) lib/rack/conditionalget.rb:25:in `call'
  rack (1.6.4) lib/rack/head.rb:13:in `call'
  actionpack (4.2.2) lib/action_dispatch/middleware/params_parser.rb:27:in `call'
  actionpack (4.2.2) lib/action_dispatch/middleware/flash.rb:260:in `call'
  rack (1.6.4) lib/rack/session/abstract/id.rb:225:in `context'
  rack (1.6.4) lib/rack/session/abstract/id.rb:220:in `call'
  actionpack (4.2.2) lib/action_dispatch/middleware/cookies.rb:560:in `call'
  activerecord (4.2.2) lib/active_record/query_cache.rb:36:in `call'
  activerecord (4.2.2) lib/active_record/connection_adapters/abstract/connection_pool.rb:649:in `call'
  activerecord (4.2.2) lib/active_record/migration.rb:378:in `call'
  actionpack (4.2.2) lib/action_dispatch/middleware/callbacks.rb:29:in `block in call'
  activesupport (4.2.2) lib/active_support/callbacks.rb:88:in `call'
  activesupport (4.2.2) lib/active_support/callbacks.rb:88:in `_run_callbacks'
  activesupport (4.2.2) lib/active_support/callbacks.rb:776:in `_run_call_callbacks'
  activesupport (4.2.2) lib/active_support/callbacks.rb:81:in `run_callbacks'
  actionpack (4.2.2) lib/action_dispatch/middleware/callbacks.rb:27:in `call'
  actionpack (4.2.2) lib/action_dispatch/middleware/reloader.rb:73:in `call'
  actionpack (4.2.2) lib/action_dispatch/middleware/remote_ip.rb:78:in `call'
  actionpack (4.2.2) lib/action_dispatch/middleware/debug_exceptions.rb:17:in `call'
  web-console (2.1.3) lib/web_console/middleware.rb:37:in `call'
  actionpack (4.2.2) lib/action_dispatch/middleware/show_exceptions.rb:30:in `call'
  railties (4.2.2) lib/rails/rack/logger.rb:38:in `call_app'
  railties (4.2.2) lib/rails/rack/logger.rb:20:in `block in call'
  activesupport (4.2.2) lib/active_support/tagged_logging.rb:68:in `block in tagged'
  activesupport (4.2.2) lib/active_support/tagged_logging.rb:26:in `tagged'
  activesupport (4.2.2) lib/active_support/tagged_logging.rb:68:in `tagged'
  railties (4.2.2) lib/rails/rack/logger.rb:20:in `call'
  actionpack (4.2.2) lib/action_dispatch/middleware/request_id.rb:21:in `call'
  rack (1.6.4) lib/rack/methodoverride.rb:22:in `call'
  rack (1.6.4) lib/rack/runtime.rb:18:in `call'
  activesupport (4.2.2) lib/active_support/cache/strategy/local_cache_middleware.rb:28:in `call'
  rack (1.6.4) lib/rack/lock.rb:17:in `call'
  actionpack (4.2.2) lib/action_dispatch/middleware/static.rb:113:in `call'
  rack (1.6.4) lib/rack/sendfile.rb:113:in `call'
  railties (4.2.2) lib/rails/engine.rb:518:in `call'
  railties (4.2.2) lib/rails/application.rb:164:in `call'
  rack (1.6.4) lib/rack/lock.rb:17:in `call'
  rack (1.6.4) lib/rack/content_length.rb:15:in `call'
  rack (1.6.4) lib/rack/handler/webrick.rb:88:in `service'
  /Users/shakumar/.rbenv/versions/2.0.0-p481/lib/ruby/2.0.0/webrick/httpserver.rb:138:in `service'
  /Users/shakumar/.rbenv/versions/2.0.0-p481/lib/ruby/2.0.0/webrick/httpserver.rb:94:in `run'
  /Users/shakumar/.rbenv/versions/2.0.0-p481/lib/ruby/2.0.0/webrick/server.rb:295:in `block in start_thread'


  Rendered /Users/shakumar/.rbenv/versions/2.0.0-p481/lib/ruby/gems/2.0.0/gems/actionpack-4.2.2/lib/action_dispatch/middleware/templates/rescues/_source.erb (7.0ms)
  Rendered /Users/shakumar/.rbenv/versions/2.0.0-p481/lib/ruby/gems/2.0.0/gems/actionpack-4.2.2/lib/action_dispatch/middleware/templates/rescues/_trace.html.erb (1.7ms)
  Rendered /Users/shakumar/.rbenv/versions/2.0.0-p481/lib/ruby/gems/2.0.0/gems/actionpack-4.2.2/lib/action_dispatch/middleware/templates/rescues/_request_and_response.html.erb (0.7ms)
  Rendered /Users/shakumar/.rbenv/versions/2.0.0-p481/lib/ruby/gems/2.0.0/gems/actionpack-4.2.2/lib/action_dispatch/middleware/templates/rescues/missing_template.html.erb within rescues/layout (26.4ms)
  Rendered /Users/shakumar/.rbenv/versions/2.0.0-p481/lib/ruby/gems/2.0.0/gems/web-console-2.1.3/lib/web_console/templates/_markup.html.erb (0.4ms)
  Rendered /Users/shakumar/.rbenv/versions/2.0.0-p481/lib/ruby/gems/2.0.0/gems/web-console-2.1.3/lib/web_console/templates/style.css.erb within layouts/inlined_string (0.3ms)
  Rendered /Users/shakumar/.rbenv/versions/2.0.0-p481/lib/ruby/gems/2.0.0/gems/web-console-2.1.3/lib/web_console/templates/_inner_console_markup.html.erb within layouts/inlined_string (0.3ms)
  Rendered /Users/shakumar/.rbenv/versions/2.0.0-p481/lib/ruby/gems/2.0.0/gems/web-console-2.1.3/lib/web_console/templates/_prompt_box_markup.html.erb within layouts/inlined_string (0.3ms)
  Rendered /Users/shakumar/.rbenv/versions/2.0.0-p481/lib/ruby/gems/2.0.0/gems/web-console-2.1.3/lib/web_console/templates/console.js.erb within layouts/javascript (17.6ms)
  Rendered /Users/shakumar/.rbenv/versions/2.0.0-p481/lib/ruby/gems/2.0.0/gems/web-console-2.1.3/lib/web_console/templates/main.js.erb within layouts/javascript (0.7ms)
  Rendered /Users/shakumar/.rbenv/versions/2.0.0-p481/lib/ruby/gems/2.0.0/gems/web-console-2.1.3/lib/web_console/templates/error_page.js.erb within layouts/javascript (0.4ms)
  Rendered /Users/shakumar/.rbenv/versions/2.0.0-p481/lib/ruby/gems/2.0.0/gems/web-console-2.1.3/lib/web_console/templates/index.html.erb (43.6ms)


Started GET "/" for ::1 at 2015-06-25 11:24:18 -0400
Processing by HomeController#index as HTML
Completed 500 Internal Server Error in 12ms (ActiveRecord: 0.0ms)

ActionView::MissingTemplate (Missing template home/index, application/index with {:locale=>[:en], :formats=>[:html], :variants=>[], :handlers=>[:erb, :builder, :raw, :ruby, :coffee, :jbuilder]}. Searched in:
  * "/Users/shakumar/github/compiled/compiled/app/views"
):
  actionview (4.2.2) lib/action_view/path_set.rb:46:in `find'
  actionview (4.2.2) lib/action_view/lookup_context.rb:121:in `find'
  actionview (4.2.2) lib/action_view/renderer/abstract_renderer.rb:18:in `find_template'
  actionview (4.2.2) lib/action_view/renderer/template_renderer.rb:40:in `determine_template'
  actionview (4.2.2) lib/action_view/renderer/template_renderer.rb:8:in `render'
  actionview (4.2.2) lib/action_view/renderer/renderer.rb:42:in `render_template'
  actionview (4.2.2) lib/action_view/renderer/renderer.rb:23:in `render'
  actionview (4.2.2) lib/action_view/rendering.rb:100:in `_render_template'
  actionpack (4.2.2) lib/action_controller/metal/streaming.rb:217:in `_render_template'
  actionview (4.2.2) lib/action_view/rendering.rb:83:in `render_to_body'
  actionpack (4.2.2) lib/action_controller/metal/rendering.rb:32:in `render_to_body'
  actionpack (4.2.2) lib/action_controller/metal/renderers.rb:37:in `render_to_body'
  actionpack (4.2.2) lib/abstract_controller/rendering.rb:25:in `render'
  actionpack (4.2.2) lib/action_controller/metal/rendering.rb:16:in `render'
  actionpack (4.2.2) lib/action_controller/metal/instrumentation.rb:44:in `block (2 levels) in render'
  activesupport (4.2.2) lib/active_support/core_ext/benchmark.rb:12:in `block in ms'
  /Users/shakumar/.rbenv/versions/2.0.0-p481/lib/ruby/2.0.0/benchmark.rb:296:in `realtime'
  activesupport (4.2.2) lib/active_support/core_ext/benchmark.rb:12:in `ms'
  actionpack (4.2.2) lib/action_controller/metal/instrumentation.rb:44:in `block in render'
  actionpack (4.2.2) lib/action_controller/metal/instrumentation.rb:87:in `cleanup_view_runtime'
  activerecord (4.2.2) lib/active_record/railties/controller_runtime.rb:25:in `cleanup_view_runtime'
  actionpack (4.2.2) lib/action_controller/metal/instrumentation.rb:43:in `render'
  actionpack (4.2.2) lib/action_controller/metal/implicit_render.rb:10:in `default_render'
  actionpack (4.2.2) lib/action_controller/metal/implicit_render.rb:5:in `send_action'
  actionpack (4.2.2) lib/abstract_controller/base.rb:198:in `process_action'
  actionpack (4.2.2) lib/action_controller/metal/rendering.rb:10:in `process_action'
  actionpack (4.2.2) lib/abstract_controller/callbacks.rb:20:in `block in process_action'
  activesupport (4.2.2) lib/active_support/callbacks.rb:117:in `call'
  activesupport (4.2.2) lib/active_support/callbacks.rb:117:in `call'
  activesupport (4.2.2) lib/active_support/callbacks.rb:555:in `block (2 levels) in compile'
  activesupport (4.2.2) lib/active_support/callbacks.rb:505:in `call'
  activesupport (4.2.2) lib/active_support/callbacks.rb:505:in `call'
  activesupport (4.2.2) lib/active_support/callbacks.rb:92:in `_run_callbacks'
  activesupport (4.2.2) lib/active_support/callbacks.rb:776:in `_run_process_action_callbacks'
  activesupport (4.2.2) lib/active_support/callbacks.rb:81:in `run_callbacks'
  actionpack (4.2.2) lib/abstract_controller/callbacks.rb:19:in `process_action'
  actionpack (4.2.2) lib/action_controller/metal/rescue.rb:29:in `process_action'
  actionpack (4.2.2) lib/action_controller/metal/instrumentation.rb:32:in `block in process_action'
  activesupport (4.2.2) lib/active_support/notifications.rb:164:in `block in instrument'
  activesupport (4.2.2) lib/active_support/notifications/instrumenter.rb:20:in `instrument'
  activesupport (4.2.2) lib/active_support/notifications.rb:164:in `instrument'
  actionpack (4.2.2) lib/action_controller/metal/instrumentation.rb:30:in `process_action'
  actionpack (4.2.2) lib/action_controller/metal/params_wrapper.rb:250:in `process_action'
  activerecord (4.2.2) lib/active_record/railties/controller_runtime.rb:18:in `process_action'
  actionpack (4.2.2) lib/abstract_controller/base.rb:137:in `process'
  actionview (4.2.2) lib/action_view/rendering.rb:30:in `process'
  actionpack (4.2.2) lib/action_controller/metal.rb:196:in `dispatch'
  actionpack (4.2.2) lib/action_controller/metal/rack_delegation.rb:13:in `dispatch'
  actionpack (4.2.2) lib/action_controller/metal.rb:237:in `block in action'
  actionpack (4.2.2) lib/action_dispatch/routing/route_set.rb:74:in `call'
  actionpack (4.2.2) lib/action_dispatch/routing/route_set.rb:74:in `dispatch'
  actionpack (4.2.2) lib/action_dispatch/routing/route_set.rb:43:in `serve'
  actionpack (4.2.2) lib/action_dispatch/journey/router.rb:43:in `block in serve'
  actionpack (4.2.2) lib/action_dispatch/journey/router.rb:30:in `each'
  actionpack (4.2.2) lib/action_dispatch/journey/router.rb:30:in `serve'
  actionpack (4.2.2) lib/action_dispatch/routing/route_set.rb:819:in `call'
  rack (1.6.4) lib/rack/etag.rb:24:in `call'
  rack (1.6.4) lib/rack/conditionalget.rb:25:in `call'
  rack (1.6.4) lib/rack/head.rb:13:in `call'
  actionpack (4.2.2) lib/action_dispatch/middleware/params_parser.rb:27:in `call'
  actionpack (4.2.2) lib/action_dispatch/middleware/flash.rb:260:in `call'
  rack (1.6.4) lib/rack/session/abstract/id.rb:225:in `context'
  rack (1.6.4) lib/rack/session/abstract/id.rb:220:in `call'
  actionpack (4.2.2) lib/action_dispatch/middleware/cookies.rb:560:in `call'
  activerecord (4.2.2) lib/active_record/query_cache.rb:36:in `call'
  activerecord (4.2.2) lib/active_record/connection_adapters/abstract/connection_pool.rb:649:in `call'
  activerecord (4.2.2) lib/active_record/migration.rb:378:in `call'
  actionpack (4.2.2) lib/action_dispatch/middleware/callbacks.rb:29:in `block in call'
  activesupport (4.2.2) lib/active_support/callbacks.rb:88:in `call'
  activesupport (4.2.2) lib/active_support/callbacks.rb:88:in `_run_callbacks'
  activesupport (4.2.2) lib/active_support/callbacks.rb:776:in `_run_call_callbacks'
  activesupport (4.2.2) lib/active_support/callbacks.rb:81:in `run_callbacks'
  actionpack (4.2.2) lib/action_dispatch/middleware/callbacks.rb:27:in `call'
  actionpack (4.2.2) lib/action_dispatch/middleware/reloader.rb:73:in `call'
  actionpack (4.2.2) lib/action_dispatch/middleware/remote_ip.rb:78:in `call'
  actionpack (4.2.2) lib/action_dispatch/middleware/debug_exceptions.rb:17:in `call'
  web-console (2.1.3) lib/web_console/middleware.rb:37:in `call'
  actionpack (4.2.2) lib/action_dispatch/middleware/show_exceptions.rb:30:in `call'
  railties (4.2.2) lib/rails/rack/logger.rb:38:in `call_app'
  railties (4.2.2) lib/rails/rack/logger.rb:20:in `block in call'
  activesupport (4.2.2) lib/active_support/tagged_logging.rb:68:in `block in tagged'
  activesupport (4.2.2) lib/active_support/tagged_logging.rb:26:in `tagged'
  activesupport (4.2.2) lib/active_support/tagged_logging.rb:68:in `tagged'
  railties (4.2.2) lib/rails/rack/logger.rb:20:in `call'
  actionpack (4.2.2) lib/action_dispatch/middleware/request_id.rb:21:in `call'
  rack (1.6.4) lib/rack/methodoverride.rb:22:in `call'
  rack (1.6.4) lib/rack/runtime.rb:18:in `call'
  activesupport (4.2.2) lib/active_support/cache/strategy/local_cache_middleware.rb:28:in `call'
  rack (1.6.4) lib/rack/lock.rb:17:in `call'
  actionpack (4.2.2) lib/action_dispatch/middleware/static.rb:113:in `call'
  rack (1.6.4) lib/rack/sendfile.rb:113:in `call'
  railties (4.2.2) lib/rails/engine.rb:518:in `call'
  railties (4.2.2) lib/rails/application.rb:164:in `call'
  rack (1.6.4) lib/rack/lock.rb:17:in `call'
  rack (1.6.4) lib/rack/content_length.rb:15:in `call'
  rack (1.6.4) lib/rack/handler/webrick.rb:88:in `service'
  /Users/shakumar/.rbenv/versions/2.0.0-p481/lib/ruby/2.0.0/webrick/httpserver.rb:138:in `service'
  /Users/shakumar/.rbenv/versions/2.0.0-p481/lib/ruby/2.0.0/webrick/httpserver.rb:94:in `run'
  /Users/shakumar/.rbenv/versions/2.0.0-p481/lib/ruby/2.0.0/webrick/server.rb:295:in `block in start_thread'


  Rendered /Users/shakumar/.rbenv/versions/2.0.0-p481/lib/ruby/gems/2.0.0/gems/actionpack-4.2.2/lib/action_dispatch/middleware/templates/rescues/_source.erb (4.5ms)
  Rendered /Users/shakumar/.rbenv/versions/2.0.0-p481/lib/ruby/gems/2.0.0/gems/actionpack-4.2.2/lib/action_dispatch/middleware/templates/rescues/_trace.html.erb (1.7ms)
  Rendered /Users/shakumar/.rbenv/versions/2.0.0-p481/lib/ruby/gems/2.0.0/gems/actionpack-4.2.2/lib/action_dispatch/middleware/templates/rescues/_request_and_response.html.erb (0.8ms)
  Rendered /Users/shakumar/.rbenv/versions/2.0.0-p481/lib/ruby/gems/2.0.0/gems/actionpack-4.2.2/lib/action_dispatch/middleware/templates/rescues/missing_template.html.erb within rescues/layout (19.2ms)
  Rendered /Users/shakumar/.rbenv/versions/2.0.0-p481/lib/ruby/gems/2.0.0/gems/web-console-2.1.3/lib/web_console/templates/_markup.html.erb (0.2ms)
  Rendered /Users/shakumar/.rbenv/versions/2.0.0-p481/lib/ruby/gems/2.0.0/gems/web-console-2.1.3/lib/web_console/templates/style.css.erb within layouts/inlined_string (0.2ms)
  Rendered /Users/shakumar/.rbenv/versions/2.0.0-p481/lib/ruby/gems/2.0.0/gems/web-console-2.1.3/lib/web_console/templates/_inner_console_markup.html.erb within layouts/inlined_string (0.2ms)
  Rendered /Users/shakumar/.rbenv/versions/2.0.0-p481/lib/ruby/gems/2.0.0/gems/web-console-2.1.3/lib/web_console/templates/_prompt_box_markup.html.erb within layouts/inlined_string (0.2ms)
  Rendered /Users/shakumar/.rbenv/versions/2.0.0-p481/lib/ruby/gems/2.0.0/gems/web-console-2.1.3/lib/web_console/templates/console.js.erb within layouts/javascript (11.5ms)
  Rendered /Users/shakumar/.rbenv/versions/2.0.0-p481/lib/ruby/gems/2.0.0/gems/web-console-2.1.3/lib/web_console/templates/main.js.erb within layouts/javascript (0.2ms)
  Rendered /Users/shakumar/.rbenv/versions/2.0.0-p481/lib/ruby/gems/2.0.0/gems/web-console-2.1.3/lib/web_console/templates/error_page.js.erb within layouts/javascript (0.3ms)
  Rendered /Users/shakumar/.rbenv/versions/2.0.0-p481/lib/ruby/gems/2.0.0/gems/web-console-2.1.3/lib/web_console/templates/index.html.erb (27.9ms)


Started GET "/" for ::1 at 2015-06-25 11:24:22 -0400
Processing by HomeController#index as HTML
Completed 500 Internal Server Error in 2ms (ActiveRecord: 0.0ms)

ActionView::MissingTemplate (Missing template home/index, application/index with {:locale=>[:en], :formats=>[:html], :variants=>[], :handlers=>[:erb, :builder, :raw, :ruby, :coffee, :jbuilder]}. Searched in:
  * "/Users/shakumar/github/compiled/compiled/app/views"
):
  actionview (4.2.2) lib/action_view/path_set.rb:46:in `find'
  actionview (4.2.2) lib/action_view/lookup_context.rb:121:in `find'
  actionview (4.2.2) lib/action_view/renderer/abstract_renderer.rb:18:in `find_template'
  actionview (4.2.2) lib/action_view/renderer/template_renderer.rb:40:in `determine_template'
  actionview (4.2.2) lib/action_view/renderer/template_renderer.rb:8:in `render'
  actionview (4.2.2) lib/action_view/renderer/renderer.rb:42:in `render_template'
  actionview (4.2.2) lib/action_view/renderer/renderer.rb:23:in `render'
  actionview (4.2.2) lib/action_view/rendering.rb:100:in `_render_template'
  actionpack (4.2.2) lib/action_controller/metal/streaming.rb:217:in `_render_template'
  actionview (4.2.2) lib/action_view/rendering.rb:83:in `render_to_body'
  actionpack (4.2.2) lib/action_controller/metal/rendering.rb:32:in `render_to_body'
  actionpack (4.2.2) lib/action_controller/metal/renderers.rb:37:in `render_to_body'
  actionpack (4.2.2) lib/abstract_controller/rendering.rb:25:in `render'
  actionpack (4.2.2) lib/action_controller/metal/rendering.rb:16:in `render'
  actionpack (4.2.2) lib/action_controller/metal/instrumentation.rb:44:in `block (2 levels) in render'
  activesupport (4.2.2) lib/active_support/core_ext/benchmark.rb:12:in `block in ms'
  /Users/shakumar/.rbenv/versions/2.0.0-p481/lib/ruby/2.0.0/benchmark.rb:296:in `realtime'
  activesupport (4.2.2) lib/active_support/core_ext/benchmark.rb:12:in `ms'
  actionpack (4.2.2) lib/action_controller/metal/instrumentation.rb:44:in `block in render'
  actionpack (4.2.2) lib/action_controller/metal/instrumentation.rb:87:in `cleanup_view_runtime'
  activerecord (4.2.2) lib/active_record/railties/controller_runtime.rb:25:in `cleanup_view_runtime'
  actionpack (4.2.2) lib/action_controller/metal/instrumentation.rb:43:in `render'
  actionpack (4.2.2) lib/action_controller/metal/implicit_render.rb:10:in `default_render'
  actionpack (4.2.2) lib/action_controller/metal/implicit_render.rb:5:in `send_action'
  actionpack (4.2.2) lib/abstract_controller/base.rb:198:in `process_action'
  actionpack (4.2.2) lib/action_controller/metal/rendering.rb:10:in `process_action'
  actionpack (4.2.2) lib/abstract_controller/callbacks.rb:20:in `block in process_action'
  activesupport (4.2.2) lib/active_support/callbacks.rb:117:in `call'
  activesupport (4.2.2) lib/active_support/callbacks.rb:117:in `call'
  activesupport (4.2.2) lib/active_support/callbacks.rb:555:in `block (2 levels) in compile'
  activesupport (4.2.2) lib/active_support/callbacks.rb:505:in `call'
  activesupport (4.2.2) lib/active_support/callbacks.rb:505:in `call'
  activesupport (4.2.2) lib/active_support/callbacks.rb:92:in `_run_callbacks'
  activesupport (4.2.2) lib/active_support/callbacks.rb:776:in `_run_process_action_callbacks'
  activesupport (4.2.2) lib/active_support/callbacks.rb:81:in `run_callbacks'
  actionpack (4.2.2) lib/abstract_controller/callbacks.rb:19:in `process_action'
  actionpack (4.2.2) lib/action_controller/metal/rescue.rb:29:in `process_action'
  actionpack (4.2.2) lib/action_controller/metal/instrumentation.rb:32:in `block in process_action'
  activesupport (4.2.2) lib/active_support/notifications.rb:164:in `block in instrument'
  activesupport (4.2.2) lib/active_support/notifications/instrumenter.rb:20:in `instrument'
  activesupport (4.2.2) lib/active_support/notifications.rb:164:in `instrument'
  actionpack (4.2.2) lib/action_controller/metal/instrumentation.rb:30:in `process_action'
  actionpack (4.2.2) lib/action_controller/metal/params_wrapper.rb:250:in `process_action'
  activerecord (4.2.2) lib/active_record/railties/controller_runtime.rb:18:in `process_action'
  actionpack (4.2.2) lib/abstract_controller/base.rb:137:in `process'
  actionview (4.2.2) lib/action_view/rendering.rb:30:in `process'
  actionpack (4.2.2) lib/action_controller/metal.rb:196:in `dispatch'
  actionpack (4.2.2) lib/action_controller/metal/rack_delegation.rb:13:in `dispatch'
  actionpack (4.2.2) lib/action_controller/metal.rb:237:in `block in action'
  actionpack (4.2.2) lib/action_dispatch/routing/route_set.rb:74:in `call'
  actionpack (4.2.2) lib/action_dispatch/routing/route_set.rb:74:in `dispatch'
  actionpack (4.2.2) lib/action_dispatch/routing/route_set.rb:43:in `serve'
  actionpack (4.2.2) lib/action_dispatch/journey/router.rb:43:in `block in serve'
  actionpack (4.2.2) lib/action_dispatch/journey/router.rb:30:in `each'
  actionpack (4.2.2) lib/action_dispatch/journey/router.rb:30:in `serve'
  actionpack (4.2.2) lib/action_dispatch/routing/route_set.rb:819:in `call'
  rack (1.6.4) lib/rack/etag.rb:24:in `call'
  rack (1.6.4) lib/rack/conditionalget.rb:25:in `call'
  rack (1.6.4) lib/rack/head.rb:13:in `call'
  actionpack (4.2.2) lib/action_dispatch/middleware/params_parser.rb:27:in `call'
  actionpack (4.2.2) lib/action_dispatch/middleware/flash.rb:260:in `call'
  rack (1.6.4) lib/rack/session/abstract/id.rb:225:in `context'
  rack (1.6.4) lib/rack/session/abstract/id.rb:220:in `call'
  actionpack (4.2.2) lib/action_dispatch/middleware/cookies.rb:560:in `call'
  activerecord (4.2.2) lib/active_record/query_cache.rb:36:in `call'
  activerecord (4.2.2) lib/active_record/connection_adapters/abstract/connection_pool.rb:649:in `call'
  activerecord (4.2.2) lib/active_record/migration.rb:378:in `call'
  actionpack (4.2.2) lib/action_dispatch/middleware/callbacks.rb:29:in `block in call'
  activesupport (4.2.2) lib/active_support/callbacks.rb:88:in `call'
  activesupport (4.2.2) lib/active_support/callbacks.rb:88:in `_run_callbacks'
  activesupport (4.2.2) lib/active_support/callbacks.rb:776:in `_run_call_callbacks'
  activesupport (4.2.2) lib/active_support/callbacks.rb:81:in `run_callbacks'
  actionpack (4.2.2) lib/action_dispatch/middleware/callbacks.rb:27:in `call'
  actionpack (4.2.2) lib/action_dispatch/middleware/reloader.rb:73:in `call'
  actionpack (4.2.2) lib/action_dispatch/middleware/remote_ip.rb:78:in `call'
  actionpack (4.2.2) lib/action_dispatch/middleware/debug_exceptions.rb:17:in `call'
  web-console (2.1.3) lib/web_console/middleware.rb:37:in `call'
  actionpack (4.2.2) lib/action_dispatch/middleware/show_exceptions.rb:30:in `call'
  railties (4.2.2) lib/rails/rack/logger.rb:38:in `call_app'
  railties (4.2.2) lib/rails/rack/logger.rb:20:in `block in call'
  activesupport (4.2.2) lib/active_support/tagged_logging.rb:68:in `block in tagged'
  activesupport (4.2.2) lib/active_support/tagged_logging.rb:26:in `tagged'
  activesupport (4.2.2) lib/active_support/tagged_logging.rb:68:in `tagged'
  railties (4.2.2) lib/rails/rack/logger.rb:20:in `call'
  actionpack (4.2.2) lib/action_dispatch/middleware/request_id.rb:21:in `call'
  rack (1.6.4) lib/rack/methodoverride.rb:22:in `call'
  rack (1.6.4) lib/rack/runtime.rb:18:in `call'
  activesupport (4.2.2) lib/active_support/cache/strategy/local_cache_middleware.rb:28:in `call'
  rack (1.6.4) lib/rack/lock.rb:17:in `call'
  actionpack (4.2.2) lib/action_dispatch/middleware/static.rb:113:in `call'
  rack (1.6.4) lib/rack/sendfile.rb:113:in `call'
  railties (4.2.2) lib/rails/engine.rb:518:in `call'
  railties (4.2.2) lib/rails/application.rb:164:in `call'
  rack (1.6.4) lib/rack/lock.rb:17:in `call'
  rack (1.6.4) lib/rack/content_length.rb:15:in `call'
  rack (1.6.4) lib/rack/handler/webrick.rb:88:in `service'
  /Users/shakumar/.rbenv/versions/2.0.0-p481/lib/ruby/2.0.0/webrick/httpserver.rb:138:in `service'
  /Users/shakumar/.rbenv/versions/2.0.0-p481/lib/ruby/2.0.0/webrick/httpserver.rb:94:in `run'
  /Users/shakumar/.rbenv/versions/2.0.0-p481/lib/ruby/2.0.0/webrick/server.rb:295:in `block in start_thread'


  Rendered /Users/shakumar/.rbenv/versions/2.0.0-p481/lib/ruby/gems/2.0.0/gems/actionpack-4.2.2/lib/action_dispatch/middleware/templates/rescues/_source.erb (4.5ms)
  Rendered /Users/shakumar/.rbenv/versions/2.0.0-p481/lib/ruby/gems/2.0.0/gems/actionpack-4.2.2/lib/action_dispatch/middleware/templates/rescues/_trace.html.erb (1.9ms)
  Rendered /Users/shakumar/.rbenv/versions/2.0.0-p481/lib/ruby/gems/2.0.0/gems/actionpack-4.2.2/lib/action_dispatch/middleware/templates/rescues/_request_and_response.html.erb (0.8ms)
  Rendered /Users/shakumar/.rbenv/versions/2.0.0-p481/lib/ruby/gems/2.0.0/gems/actionpack-4.2.2/lib/action_dispatch/middleware/templates/rescues/missing_template.html.erb within rescues/layout (20.0ms)
  Rendered /Users/shakumar/.rbenv/versions/2.0.0-p481/lib/ruby/gems/2.0.0/gems/web-console-2.1.3/lib/web_console/templates/_markup.html.erb (0.3ms)
  Rendered /Users/shakumar/.rbenv/versions/2.0.0-p481/lib/ruby/gems/2.0.0/gems/web-console-2.1.3/lib/web_console/templates/style.css.erb within layouts/inlined_string (0.2ms)
  Rendered /Users/shakumar/.rbenv/versions/2.0.0-p481/lib/ruby/gems/2.0.0/gems/web-console-2.1.3/lib/web_console/templates/_inner_console_markup.html.erb within layouts/inlined_string (0.3ms)
  Rendered /Users/shakumar/.rbenv/versions/2.0.0-p481/lib/ruby/gems/2.0.0/gems/web-console-2.1.3/lib/web_console/templates/_prompt_box_markup.html.erb within layouts/inlined_string (1.0ms)
  Rendered /Users/shakumar/.rbenv/versions/2.0.0-p481/lib/ruby/gems/2.0.0/gems/web-console-2.1.3/lib/web_console/templates/console.js.erb within layouts/javascript (15.3ms)
  Rendered /Users/shakumar/.rbenv/versions/2.0.0-p481/lib/ruby/gems/2.0.0/gems/web-console-2.1.3/lib/web_console/templates/main.js.erb within layouts/javascript (0.2ms)
  Rendered /Users/shakumar/.rbenv/versions/2.0.0-p481/lib/ruby/gems/2.0.0/gems/web-console-2.1.3/lib/web_console/templates/error_page.js.erb within layouts/javascript (0.3ms)
  Rendered /Users/shakumar/.rbenv/versions/2.0.0-p481/lib/ruby/gems/2.0.0/gems/web-console-2.1.3/lib/web_console/templates/index.html.erb (29.1ms)


Started GET "/" for ::1 at 2015-06-25 11:27:35 -0400
Processing by HomeController#index as HTML
  Rendered home/index.haml within layouts/application (3.8ms)
Completed 200 OK in 1957ms (Views: 1948.7ms | ActiveRecord: 0.0ms)


Started GET "/assets/application.self-e80e8f2318043e8af94dddc2adad5a4f09739a8ebb323b3ab31cd71d45fd9113.css?body=1" for ::1 at 2015-06-25 11:27:37 -0400


Started GET "/assets/jquery.self-d03a5518f45df77341bdbe6201ba3bfa547ebba8ed64f0ea56bfa5f96ea7c074.js?body=1" for ::1 at 2015-06-25 11:27:37 -0400


Started GET "/assets/jquery_ujs.self-ca5248a2fad13d6bd58ea121318d642f195f0b2dd818b30615f785ff365e8d1f.js?body=1" for ::1 at 2015-06-25 11:27:37 -0400


Started GET "/assets/main.self-d271de2d6343e2c05b9863e80296e216d20bed7caca562e4dafc357513ab773b.js?body=1" for ::1 at 2015-06-25 11:27:37 -0400


Started GET "/assets/environment.self-ca3310bdb49b686f4385292a5e919da2f4fec30a8af5ae89295aa98e88920e96.js?body=1" for ::1 at 2015-06-25 11:27:37 -0400


Started GET "/assets/turbolinks.self-c37727e9bd6b2735da5c311aa83fead54ed0be6cc8bd9a65309e9c5abe2cbfff.js?body=1" for ::1 at 2015-06-25 11:27:37 -0400


Started GET "/assets/three.min.self-1f7805e0870ff94285773806bccc88fa4c992a159b02aa5288e070f1356d3836.js?body=1" for ::1 at 2015-06-25 11:27:37 -0400


Started GET "/assets/application.self-3b8dabdc891efe46b9a144b400ad69e37d7e5876bdc39dee783419a69d7ca819.js?body=1" for ::1 at 2015-06-25 11:27:37 -0400


Started GET "/" for ::1 at 2015-06-25 11:30:52 -0400
Processing by HomeController#index as HTML
  Rendered home/index.haml within layouts/application (4.4ms)
Completed 200 OK in 464ms (Views: 456.3ms | ActiveRecord: 0.0ms)


Started GET "/assets/application.self-e80e8f2318043e8af94dddc2adad5a4f09739a8ebb323b3ab31cd71d45fd9113.css?body=1" for ::1 at 2015-06-25 11:30:52 -0400


Started GET "/assets/main.self-d271de2d6343e2c05b9863e80296e216d20bed7caca562e4dafc357513ab773b.js?body=1" for ::1 at 2015-06-25 11:30:52 -0400


Started GET "/assets/environment.self-ca3310bdb49b686f4385292a5e919da2f4fec30a8af5ae89295aa98e88920e96.js?body=1" for ::1 at 2015-06-25 11:30:53 -0400


Started GET "/assets/jquery.self-d03a5518f45df77341bdbe6201ba3bfa547ebba8ed64f0ea56bfa5f96ea7c074.js?body=1" for ::1 at 2015-06-25 11:30:53 -0400


Started GET "/assets/libraries/three.min.self-1f7805e0870ff94285773806bccc88fa4c992a159b02aa5288e070f1356d3836.js?body=1" for ::1 at 2015-06-25 11:30:53 -0400


Started GET "/assets/application.self-1b0b6da94db350d02a45c5b0217f3c7c84663b400f78a2985a33f1a9af447241.js?body=1" for ::1 at 2015-06-25 11:30:53 -0400


Started GET "/assets/jquery_ujs.self-ca5248a2fad13d6bd58ea121318d642f195f0b2dd818b30615f785ff365e8d1f.js?body=1" for ::1 at 2015-06-25 11:30:53 -0400


Started GET "/" for ::1 at 2015-06-25 11:32:30 -0400
Processing by HomeController#index as HTML
  Rendered home/index.haml within layouts/application (2.0ms)
Completed 200 OK in 312ms (Views: 304.4ms | ActiveRecord: 0.0ms)


Started GET "/assets/jquery.self-d03a5518f45df77341bdbe6201ba3bfa547ebba8ed64f0ea56bfa5f96ea7c074.js?body=1" for ::1 at 2015-06-25 11:32:31 -0400


Started GET "/assets/jquery_ujs.self-ca5248a2fad13d6bd58ea121318d642f195f0b2dd818b30615f785ff365e8d1f.js?body=1" for ::1 at 2015-06-25 11:32:31 -0400


Started GET "/assets/environment.self-ca3310bdb49b686f4385292a5e919da2f4fec30a8af5ae89295aa98e88920e96.js?body=1" for ::1 at 2015-06-25 11:32:31 -0400


Started GET "/assets/application.self-1b0b6da94db350d02a45c5b0217f3c7c84663b400f78a2985a33f1a9af447241.js?body=1" for ::1 at 2015-06-25 11:32:31 -0400


Started GET "/assets/application.self-e80e8f2318043e8af94dddc2adad5a4f09739a8ebb323b3ab31cd71d45fd9113.css?body=1" for ::1 at 2015-06-25 11:32:31 -0400


Started GET "/assets/libraries/three.min.self-1f7805e0870ff94285773806bccc88fa4c992a159b02aa5288e070f1356d3836.js?body=1" for ::1 at 2015-06-25 11:32:31 -0400


Started GET "/assets/main.self-d271de2d6343e2c05b9863e80296e216d20bed7caca562e4dafc357513ab773b.js?body=1" for ::1 at 2015-06-25 11:32:31 -0400


Started GET "/images/Sand.jpg" for ::1 at 2015-06-25 11:32:31 -0400

ActionController::RoutingError (No route matches [GET] "/images/Sand.jpg"):
  actionpack (4.2.2) lib/action_dispatch/middleware/debug_exceptions.rb:21:in `call'
  web-console (2.1.3) lib/web_console/middleware.rb:37:in `call'
  actionpack (4.2.2) lib/action_dispatch/middleware/show_exceptions.rb:30:in `call'
  railties (4.2.2) lib/rails/rack/logger.rb:38:in `call_app'
  railties (4.2.2) lib/rails/rack/logger.rb:20:in `block in call'
  activesupport (4.2.2) lib/active_support/tagged_logging.rb:68:in `block in tagged'
  activesupport (4.2.2) lib/active_support/tagged_logging.rb:26:in `tagged'
  activesupport (4.2.2) lib/active_support/tagged_logging.rb:68:in `tagged'
  railties (4.2.2) lib/rails/rack/logger.rb:20:in `call'
  actionpack (4.2.2) lib/action_dispatch/middleware/request_id.rb:21:in `call'
  rack (1.6.4) lib/rack/methodoverride.rb:22:in `call'
  rack (1.6.4) lib/rack/runtime.rb:18:in `call'
  activesupport (4.2.2) lib/active_support/cache/strategy/local_cache_middleware.rb:28:in `call'
  rack (1.6.4) lib/rack/lock.rb:17:in `call'
  actionpack (4.2.2) lib/action_dispatch/middleware/static.rb:113:in `call'
  rack (1.6.4) lib/rack/sendfile.rb:113:in `call'
  railties (4.2.2) lib/rails/engine.rb:518:in `call'
  railties (4.2.2) lib/rails/application.rb:164:in `call'
  rack (1.6.4) lib/rack/lock.rb:17:in `call'
  rack (1.6.4) lib/rack/content_length.rb:15:in `call'
  rack (1.6.4) lib/rack/handler/webrick.rb:88:in `service'
  /Users/shakumar/.rbenv/versions/2.0.0-p481/lib/ruby/2.0.0/webrick/httpserver.rb:138:in `service'
  /Users/shakumar/.rbenv/versions/2.0.0-p481/lib/ruby/2.0.0/webrick/httpserver.rb:94:in `run'
  /Users/shakumar/.rbenv/versions/2.0.0-p481/lib/ruby/2.0.0/webrick/server.rb:295:in `block in start_thread'


  Rendered /Users/shakumar/.rbenv/versions/2.0.0-p481/lib/ruby/gems/2.0.0/gems/actionpack-4.2.2/lib/action_dispatch/middleware/templates/rescues/_trace.html.erb (1.2ms)
  Rendered /Users/shakumar/.rbenv/versions/2.0.0-p481/lib/ruby/gems/2.0.0/gems/actionpack-4.2.2/lib/action_dispatch/middleware/templates/routes/_route.html.erb (0.9ms)
  Rendered /Users/shakumar/.rbenv/versions/2.0.0-p481/lib/ruby/gems/2.0.0/gems/actionpack-4.2.2/lib/action_dispatch/middleware/templates/routes/_table.html.erb (5.9ms)
  Rendered /Users/shakumar/.rbenv/versions/2.0.0-p481/lib/ruby/gems/2.0.0/gems/actionpack-4.2.2/lib/action_dispatch/middleware/templates/rescues/_request_and_response.html.erb (3.5ms)
  Rendered /Users/shakumar/.rbenv/versions/2.0.0-p481/lib/ruby/gems/2.0.0/gems/actionpack-4.2.2/lib/action_dispatch/middleware/templates/rescues/routing_error.html.erb within rescues/layout (47.3ms)
  Rendered /Users/shakumar/.rbenv/versions/2.0.0-p481/lib/ruby/gems/2.0.0/gems/web-console-2.1.3/lib/web_console/templates/_markup.html.erb (0.5ms)
  Rendered /Users/shakumar/.rbenv/versions/2.0.0-p481/lib/ruby/gems/2.0.0/gems/web-console-2.1.3/lib/web_console/templates/style.css.erb within layouts/inlined_string (0.4ms)
  Rendered /Users/shakumar/.rbenv/versions/2.0.0-p481/lib/ruby/gems/2.0.0/gems/web-console-2.1.3/lib/web_console/templates/_inner_console_markup.html.erb within layouts/inlined_string (0.5ms)
  Rendered /Users/shakumar/.rbenv/versions/2.0.0-p481/lib/ruby/gems/2.0.0/gems/web-console-2.1.3/lib/web_console/templates/_prompt_box_markup.html.erb within layouts/inlined_string (0.3ms)
  Rendered /Users/shakumar/.rbenv/versions/2.0.0-p481/lib/ruby/gems/2.0.0/gems/web-console-2.1.3/lib/web_console/templates/console.js.erb within layouts/javascript (186.0ms)
  Rendered /Users/shakumar/.rbenv/versions/2.0.0-p481/lib/ruby/gems/2.0.0/gems/web-console-2.1.3/lib/web_console/templates/main.js.erb within layouts/javascript (0.5ms)
  Rendered /Users/shakumar/.rbenv/versions/2.0.0-p481/lib/ruby/gems/2.0.0/gems/web-console-2.1.3/lib/web_console/templates/error_page.js.erb within layouts/javascript (0.6ms)
  Rendered /Users/shakumar/.rbenv/versions/2.0.0-p481/lib/ruby/gems/2.0.0/gems/web-console-2.1.3/lib/web_console/templates/index.html.erb (229.7ms)


Started GET "/" for ::1 at 2015-06-25 11:32:57 -0400
Processing by HomeController#index as HTML
  Rendered home/index.haml within layouts/application (0.2ms)
Completed 200 OK in 36ms (Views: 35.3ms | ActiveRecord: 0.0ms)


Started GET "/assets/jquery_ujs.self-ca5248a2fad13d6bd58ea121318d642f195f0b2dd818b30615f785ff365e8d1f.js?body=1" for ::1 at 2015-06-25 11:32:57 -0400


Started GET "/assets/jquery.self-d03a5518f45df77341bdbe6201ba3bfa547ebba8ed64f0ea56bfa5f96ea7c074.js?body=1" for ::1 at 2015-06-25 11:32:57 -0400


Started GET "/assets/libraries/three.min.self-1f7805e0870ff94285773806bccc88fa4c992a159b02aa5288e070f1356d3836.js?body=1" for ::1 at 2015-06-25 11:32:57 -0400


Started GET "/assets/main.self-d271de2d6343e2c05b9863e80296e216d20bed7caca562e4dafc357513ab773b.js?body=1" for ::1 at 2015-06-25 11:32:57 -0400


Started GET "/assets/environment.self-ca3310bdb49b686f4385292a5e919da2f4fec30a8af5ae89295aa98e88920e96.js?body=1" for ::1 at 2015-06-25 11:32:57 -0400


Started GET "/assets/application.self-1b0b6da94db350d02a45c5b0217f3c7c84663b400f78a2985a33f1a9af447241.js?body=1" for ::1 at 2015-06-25 11:32:57 -0400


Started GET "/assets/application.self-e80e8f2318043e8af94dddc2adad5a4f09739a8ebb323b3ab31cd71d45fd9113.css?body=1" for ::1 at 2015-06-25 11:32:57 -0400


Started GET "/images/Sand.jpg" for ::1 at 2015-06-25 11:32:57 -0400

ActionController::RoutingError (No route matches [GET] "/images/Sand.jpg"):
  actionpack (4.2.2) lib/action_dispatch/middleware/debug_exceptions.rb:21:in `call'
  web-console (2.1.3) lib/web_console/middleware.rb:37:in `call'
  actionpack (4.2.2) lib/action_dispatch/middleware/show_exceptions.rb:30:in `call'
  railties (4.2.2) lib/rails/rack/logger.rb:38:in `call_app'
  railties (4.2.2) lib/rails/rack/logger.rb:20:in `block in call'
  activesupport (4.2.2) lib/active_support/tagged_logging.rb:68:in `block in tagged'
  activesupport (4.2.2) lib/active_support/tagged_logging.rb:26:in `tagged'
  activesupport (4.2.2) lib/active_support/tagged_logging.rb:68:in `tagged'
  railties (4.2.2) lib/rails/rack/logger.rb:20:in `call'
  actionpack (4.2.2) lib/action_dispatch/middleware/request_id.rb:21:in `call'
  rack (1.6.4) lib/rack/methodoverride.rb:22:in `call'
  rack (1.6.4) lib/rack/runtime.rb:18:in `call'
  activesupport (4.2.2) lib/active_support/cache/strategy/local_cache_middleware.rb:28:in `call'
  rack (1.6.4) lib/rack/lock.rb:17:in `call'
  actionpack (4.2.2) lib/action_dispatch/middleware/static.rb:113:in `call'
  rack (1.6.4) lib/rack/sendfile.rb:113:in `call'
  railties (4.2.2) lib/rails/engine.rb:518:in `call'
  railties (4.2.2) lib/rails/application.rb:164:in `call'
  rack (1.6.4) lib/rack/lock.rb:17:in `call'
  rack (1.6.4) lib/rack/content_length.rb:15:in `call'
  rack (1.6.4) lib/rack/handler/webrick.rb:88:in `service'
  /Users/shakumar/.rbenv/versions/2.0.0-p481/lib/ruby/2.0.0/webrick/httpserver.rb:138:in `service'
  /Users/shakumar/.rbenv/versions/2.0.0-p481/lib/ruby/2.0.0/webrick/httpserver.rb:94:in `run'
  /Users/shakumar/.rbenv/versions/2.0.0-p481/lib/ruby/2.0.0/webrick/server.rb:295:in `block in start_thread'


  Rendered /Users/shakumar/.rbenv/versions/2.0.0-p481/lib/ruby/gems/2.0.0/gems/actionpack-4.2.2/lib/action_dispatch/middleware/templates/rescues/_trace.html.erb (1.2ms)
  Rendered /Users/shakumar/.rbenv/versions/2.0.0-p481/lib/ruby/gems/2.0.0/gems/actionpack-4.2.2/lib/action_dispatch/middleware/templates/routes/_route.html.erb (0.6ms)
  Rendered /Users/shakumar/.rbenv/versions/2.0.0-p481/lib/ruby/gems/2.0.0/gems/actionpack-4.2.2/lib/action_dispatch/middleware/templates/routes/_table.html.erb (1.7ms)
  Rendered /Users/shakumar/.rbenv/versions/2.0.0-p481/lib/ruby/gems/2.0.0/gems/actionpack-4.2.2/lib/action_dispatch/middleware/templates/rescues/_request_and_response.html.erb (2.6ms)
  Rendered /Users/shakumar/.rbenv/versions/2.0.0-p481/lib/ruby/gems/2.0.0/gems/actionpack-4.2.2/lib/action_dispatch/middleware/templates/rescues/routing_error.html.erb within rescues/layout (30.5ms)
  Rendered /Users/shakumar/.rbenv/versions/2.0.0-p481/lib/ruby/gems/2.0.0/gems/web-console-2.1.3/lib/web_console/templates/_markup.html.erb (0.8ms)
  Rendered /Users/shakumar/.rbenv/versions/2.0.0-p481/lib/ruby/gems/2.0.0/gems/web-console-2.1.3/lib/web_console/templates/style.css.erb within layouts/inlined_string (0.4ms)
  Rendered /Users/shakumar/.rbenv/versions/2.0.0-p481/lib/ruby/gems/2.0.0/gems/web-console-2.1.3/lib/web_console/templates/_inner_console_markup.html.erb within layouts/inlined_string (0.4ms)
  Rendered /Users/shakumar/.rbenv/versions/2.0.0-p481/lib/ruby/gems/2.0.0/gems/web-console-2.1.3/lib/web_console/templates/_prompt_box_markup.html.erb within layouts/inlined_string (0.3ms)
  Rendered /Users/shakumar/.rbenv/versions/2.0.0-p481/lib/ruby/gems/2.0.0/gems/web-console-2.1.3/lib/web_console/templates/console.js.erb within layouts/javascript (17.8ms)
  Rendered /Users/shakumar/.rbenv/versions/2.0.0-p481/lib/ruby/gems/2.0.0/gems/web-console-2.1.3/lib/web_console/templates/main.js.erb within layouts/javascript (0.5ms)
  Rendered /Users/shakumar/.rbenv/versions/2.0.0-p481/lib/ruby/gems/2.0.0/gems/web-console-2.1.3/lib/web_console/templates/error_page.js.erb within layouts/javascript (0.6ms)
  Rendered /Users/shakumar/.rbenv/versions/2.0.0-p481/lib/ruby/gems/2.0.0/gems/web-console-2.1.3/lib/web_console/templates/index.html.erb (44.0ms)


Started GET "/" for ::1 at 2015-06-25 11:33:03 -0400
Processing by HomeController#index as HTML
  Rendered home/index.haml within layouts/application (0.1ms)
Completed 200 OK in 42ms (Views: 41.1ms | ActiveRecord: 0.0ms)


Started GET "/assets/jquery.self-d03a5518f45df77341bdbe6201ba3bfa547ebba8ed64f0ea56bfa5f96ea7c074.js?body=1" for ::1 at 2015-06-25 11:33:03 -0400


Started GET "/assets/jquery_ujs.self-ca5248a2fad13d6bd58ea121318d642f195f0b2dd818b30615f785ff365e8d1f.js?body=1" for ::1 at 2015-06-25 11:33:03 -0400


Started GET "/assets/main.self-d271de2d6343e2c05b9863e80296e216d20bed7caca562e4dafc357513ab773b.js?body=1" for ::1 at 2015-06-25 11:33:03 -0400


Started GET "/assets/libraries/three.min.self-1f7805e0870ff94285773806bccc88fa4c992a159b02aa5288e070f1356d3836.js?body=1" for ::1 at 2015-06-25 11:33:03 -0400


Started GET "/assets/environment.self-ca3310bdb49b686f4385292a5e919da2f4fec30a8af5ae89295aa98e88920e96.js?body=1" for ::1 at 2015-06-25 11:33:03 -0400


Started GET "/assets/application.self-e80e8f2318043e8af94dddc2adad5a4f09739a8ebb323b3ab31cd71d45fd9113.css?body=1" for ::1 at 2015-06-25 11:33:03 -0400


Started GET "/assets/application.self-1b0b6da94db350d02a45c5b0217f3c7c84663b400f78a2985a33f1a9af447241.js?body=1" for ::1 at 2015-06-25 11:33:03 -0400


Started GET "/images/Sand.jpg" for ::1 at 2015-06-25 11:33:04 -0400

ActionController::RoutingError (No route matches [GET] "/images/Sand.jpg"):
  actionpack (4.2.2) lib/action_dispatch/middleware/debug_exceptions.rb:21:in `call'
  web-console (2.1.3) lib/web_console/middleware.rb:37:in `call'
  actionpack (4.2.2) lib/action_dispatch/middleware/show_exceptions.rb:30:in `call'
  railties (4.2.2) lib/rails/rack/logger.rb:38:in `call_app'
  railties (4.2.2) lib/rails/rack/logger.rb:20:in `block in call'
  activesupport (4.2.2) lib/active_support/tagged_logging.rb:68:in `block in tagged'
  activesupport (4.2.2) lib/active_support/tagged_logging.rb:26:in `tagged'
  activesupport (4.2.2) lib/active_support/tagged_logging.rb:68:in `tagged'
  railties (4.2.2) lib/rails/rack/logger.rb:20:in `call'
  actionpack (4.2.2) lib/action_dispatch/middleware/request_id.rb:21:in `call'
  rack (1.6.4) lib/rack/methodoverride.rb:22:in `call'
  rack (1.6.4) lib/rack/runtime.rb:18:in `call'
  activesupport (4.2.2) lib/active_support/cache/strategy/local_cache_middleware.rb:28:in `call'
  rack (1.6.4) lib/rack/lock.rb:17:in `call'
  actionpack (4.2.2) lib/action_dispatch/middleware/static.rb:113:in `call'
  rack (1.6.4) lib/rack/sendfile.rb:113:in `call'
  railties (4.2.2) lib/rails/engine.rb:518:in `call'
  railties (4.2.2) lib/rails/application.rb:164:in `call'
  rack (1.6.4) lib/rack/lock.rb:17:in `call'
  rack (1.6.4) lib/rack/content_length.rb:15:in `call'
  rack (1.6.4) lib/rack/handler/webrick.rb:88:in `service'
  /Users/shakumar/.rbenv/versions/2.0.0-p481/lib/ruby/2.0.0/webrick/httpserver.rb:138:in `service'
  /Users/shakumar/.rbenv/versions/2.0.0-p481/lib/ruby/2.0.0/webrick/httpserver.rb:94:in `run'
  /Users/shakumar/.rbenv/versions/2.0.0-p481/lib/ruby/2.0.0/webrick/server.rb:295:in `block in start_thread'


  Rendered /Users/shakumar/.rbenv/versions/2.0.0-p481/lib/ruby/gems/2.0.0/gems/actionpack-4.2.2/lib/action_dispatch/middleware/templates/rescues/_trace.html.erb (1.9ms)
  Rendered /Users/shakumar/.rbenv/versions/2.0.0-p481/lib/ruby/gems/2.0.0/gems/actionpack-4.2.2/lib/action_dispatch/middleware/templates/routes/_route.html.erb (0.8ms)
  Rendered /Users/shakumar/.rbenv/versions/2.0.0-p481/lib/ruby/gems/2.0.0/gems/actionpack-4.2.2/lib/action_dispatch/middleware/templates/routes/_table.html.erb (2.0ms)
  Rendered /Users/shakumar/.rbenv/versions/2.0.0-p481/lib/ruby/gems/2.0.0/gems/actionpack-4.2.2/lib/action_dispatch/middleware/templates/rescues/_request_and_response.html.erb (1.7ms)
  Rendered /Users/shakumar/.rbenv/versions/2.0.0-p481/lib/ruby/gems/2.0.0/gems/actionpack-4.2.2/lib/action_dispatch/middleware/templates/rescues/routing_error.html.erb within rescues/layout (34.0ms)
  Rendered /Users/shakumar/.rbenv/versions/2.0.0-p481/lib/ruby/gems/2.0.0/gems/web-console-2.1.3/lib/web_console/templates/_markup.html.erb (0.5ms)
  Rendered /Users/shakumar/.rbenv/versions/2.0.0-p481/lib/ruby/gems/2.0.0/gems/web-console-2.1.3/lib/web_console/templates/style.css.erb within layouts/inlined_string (0.3ms)
  Rendered /Users/shakumar/.rbenv/versions/2.0.0-p481/lib/ruby/gems/2.0.0/gems/web-console-2.1.3/lib/web_console/templates/_inner_console_markup.html.erb within layouts/inlined_string (0.4ms)
  Rendered /Users/shakumar/.rbenv/versions/2.0.0-p481/lib/ruby/gems/2.0.0/gems/web-console-2.1.3/lib/web_console/templates/_prompt_box_markup.html.erb within layouts/inlined_string (0.3ms)
  Rendered /Users/shakumar/.rbenv/versions/2.0.0-p481/lib/ruby/gems/2.0.0/gems/web-console-2.1.3/lib/web_console/templates/console.js.erb within layouts/javascript (22.9ms)
  Rendered /Users/shakumar/.rbenv/versions/2.0.0-p481/lib/ruby/gems/2.0.0/gems/web-console-2.1.3/lib/web_console/templates/main.js.erb within layouts/javascript (0.5ms)
  Rendered /Users/shakumar/.rbenv/versions/2.0.0-p481/lib/ruby/gems/2.0.0/gems/web-console-2.1.3/lib/web_console/templates/error_page.js.erb within layouts/javascript (0.6ms)
  Rendered /Users/shakumar/.rbenv/versions/2.0.0-p481/lib/ruby/gems/2.0.0/gems/web-console-2.1.3/lib/web_console/templates/index.html.erb (52.3ms)


Started GET "/" for ::1 at 2015-06-25 11:37:29 -0400
Processing by HomeController#index as HTML
  Rendered home/index.haml within layouts/application (0.1ms)
Completed 200 OK in 282ms (Views: 280.1ms | ActiveRecord: 0.0ms)


Started GET "/assets/jquery.self-d03a5518f45df77341bdbe6201ba3bfa547ebba8ed64f0ea56bfa5f96ea7c074.js?body=1" for ::1 at 2015-06-25 11:37:29 -0400


Started GET "/assets/libraries/three.min.self-1f7805e0870ff94285773806bccc88fa4c992a159b02aa5288e070f1356d3836.js?body=1" for ::1 at 2015-06-25 11:37:29 -0400


Started GET "/assets/main.self-d271de2d6343e2c05b9863e80296e216d20bed7caca562e4dafc357513ab773b.js?body=1" for ::1 at 2015-06-25 11:37:29 -0400


Started GET "/assets/environment.self-e52869d0a0ea2c890de867f53c0dd68e406630750b4852c05719622f572afbce.js?body=1" for ::1 at 2015-06-25 11:37:29 -0400


Started GET "/assets/jquery_ujs.self-ca5248a2fad13d6bd58ea121318d642f195f0b2dd818b30615f785ff365e8d1f.js?body=1" for ::1 at 2015-06-25 11:37:29 -0400


Started GET "/assets/application.self-e80e8f2318043e8af94dddc2adad5a4f09739a8ebb323b3ab31cd71d45fd9113.css?body=1" for ::1 at 2015-06-25 11:37:29 -0400


Started GET "/assets/application.self-1b0b6da94db350d02a45c5b0217f3c7c84663b400f78a2985a33f1a9af447241.js?body=1" for ::1 at 2015-06-25 11:37:29 -0400


Started GET "/assets/Sand-8cd9d857e9509a66909f3bf516216695c21abf2316958ea47e96b8de912b5c39.jpg" for ::1 at 2015-06-25 11:37:30 -0400


Started GET "/" for 127.0.0.1 at 2015-06-25 11:40:22 -0400
Processing by HomeController#index as HTML
  Rendered home/index.haml within layouts/application (2.0ms)
Completed 200 OK in 332ms (Views: 323.4ms | ActiveRecord: 0.0ms)


Started GET "/assets/jquery.self-d03a5518f45df77341bdbe6201ba3bfa547ebba8ed64f0ea56bfa5f96ea7c074.js?body=1" for 127.0.0.1 at 2015-06-25 11:40:22 -0400


Started GET "/assets/application.self-1b0b6da94db350d02a45c5b0217f3c7c84663b400f78a2985a33f1a9af447241.js?body=1" for 127.0.0.1 at 2015-06-25 11:40:22 -0400


Started GET "/assets/jquery_ujs.self-ca5248a2fad13d6bd58ea121318d642f195f0b2dd818b30615f785ff365e8d1f.js?body=1" for 127.0.0.1 at 2015-06-25 11:40:22 -0400


Started GET "/assets/environment.self-e52869d0a0ea2c890de867f53c0dd68e406630750b4852c05719622f572afbce.js?body=1" for 127.0.0.1 at 2015-06-25 11:40:22 -0400


Started GET "/assets/libraries/three.min.self-1f7805e0870ff94285773806bccc88fa4c992a159b02aa5288e070f1356d3836.js?body=1" for 127.0.0.1 at 2015-06-25 11:40:22 -0400


Started GET "/assets/application.self-e80e8f2318043e8af94dddc2adad5a4f09739a8ebb323b3ab31cd71d45fd9113.css?body=1" for 127.0.0.1 at 2015-06-25 11:40:22 -0400


Started GET "/assets/main.self-d271de2d6343e2c05b9863e80296e216d20bed7caca562e4dafc357513ab773b.js?body=1" for 127.0.0.1 at 2015-06-25 11:40:22 -0400


Started GET "/assets/Sand-8cd9d857e9509a66909f3bf516216695c21abf2316958ea47e96b8de912b5c39.jpg" for 127.0.0.1 at 2015-06-25 11:40:23 -0400


Started GET "/" for 127.0.0.1 at 2015-06-25 11:42:49 -0400
Processing by HomeController#index as HTML
  Rendered home/index.haml within layouts/application (1.8ms)
Completed 200 OK in 965ms (Views: 951.9ms | ActiveRecord: 0.0ms)


Started GET "/assets/jquery.self-d03a5518f45df77341bdbe6201ba3bfa547ebba8ed64f0ea56bfa5f96ea7c074.js?body=1" for 127.0.0.1 at 2015-06-25 11:42:50 -0400


Started GET "/assets/application.self-e80e8f2318043e8af94dddc2adad5a4f09739a8ebb323b3ab31cd71d45fd9113.css?body=1" for 127.0.0.1 at 2015-06-25 11:42:50 -0400


Started GET "/assets/jquery_ujs.self-ca5248a2fad13d6bd58ea121318d642f195f0b2dd818b30615f785ff365e8d1f.js?body=1" for 127.0.0.1 at 2015-06-25 11:42:50 -0400


Started GET "/assets/environment.self-e52869d0a0ea2c890de867f53c0dd68e406630750b4852c05719622f572afbce.js?body=1" for 127.0.0.1 at 2015-06-25 11:42:50 -0400


Started GET "/assets/application.self-1b0b6da94db350d02a45c5b0217f3c7c84663b400f78a2985a33f1a9af447241.js?body=1" for 127.0.0.1 at 2015-06-25 11:42:50 -0400


Started GET "/assets/libraries/three.min.self-1f7805e0870ff94285773806bccc88fa4c992a159b02aa5288e070f1356d3836.js?body=1" for 127.0.0.1 at 2015-06-25 11:42:50 -0400


Started GET "/assets/main.self-d271de2d6343e2c05b9863e80296e216d20bed7caca562e4dafc357513ab773b.js?body=1" for 127.0.0.1 at 2015-06-25 11:42:50 -0400


Started GET "/assets/Sand-8cd9d857e9509a66909f3bf516216695c21abf2316958ea47e96b8de912b5c39.jpg" for 127.0.0.1 at 2015-06-25 11:42:51 -0400


Started GET "/" for 127.0.0.1 at 2015-06-25 11:47:10 -0400
Processing by HomeController#index as HTML
  Rendered home/index.haml within layouts/application (1.5ms)
Completed 200 OK in 433ms (Views: 424.6ms | ActiveRecord: 0.0ms)


Started GET "/assets/application.self-e80e8f2318043e8af94dddc2adad5a4f09739a8ebb323b3ab31cd71d45fd9113.css?body=1" for 127.0.0.1 at 2015-06-25 11:47:11 -0400


Started GET "/assets/jquery.self-d03a5518f45df77341bdbe6201ba3bfa547ebba8ed64f0ea56bfa5f96ea7c074.js?body=1" for 127.0.0.1 at 2015-06-25 11:47:11 -0400


Started GET "/assets/application.self-1b0b6da94db350d02a45c5b0217f3c7c84663b400f78a2985a33f1a9af447241.js?body=1" for 127.0.0.1 at 2015-06-25 11:47:11 -0400


Started GET "/assets/jquery_ujs.self-ca5248a2fad13d6bd58ea121318d642f195f0b2dd818b30615f785ff365e8d1f.js?body=1" for 127.0.0.1 at 2015-06-25 11:47:11 -0400


Started GET "/assets/environment.self-e52869d0a0ea2c890de867f53c0dd68e406630750b4852c05719622f572afbce.js?body=1" for 127.0.0.1 at 2015-06-25 11:47:11 -0400


Started GET "/assets/libraries/three.min.self-1f7805e0870ff94285773806bccc88fa4c992a159b02aa5288e070f1356d3836.js?body=1" for 127.0.0.1 at 2015-06-25 11:47:11 -0400


Started GET "/assets/main.self-d271de2d6343e2c05b9863e80296e216d20bed7caca562e4dafc357513ab773b.js?body=1" for 127.0.0.1 at 2015-06-25 11:47:11 -0400


Started GET "/assets/Sand-8cd9d857e9509a66909f3bf516216695c21abf2316958ea47e96b8de912b5c39.jpg" for 127.0.0.1 at 2015-06-25 11:47:12 -0400


Started GET "/" for 127.0.0.1 at 2015-06-25 11:47:29 -0400
Processing by HomeController#index as HTML
  Rendered home/index.haml within layouts/application (0.2ms)
Completed 200 OK in 44ms (Views: 43.5ms | ActiveRecord: 0.0ms)


Started GET "/assets/application.self-e80e8f2318043e8af94dddc2adad5a4f09739a8ebb323b3ab31cd71d45fd9113.css?body=1" for 127.0.0.1 at 2015-06-25 11:47:29 -0400


Started GET "/assets/jquery_ujs.self-ca5248a2fad13d6bd58ea121318d642f195f0b2dd818b30615f785ff365e8d1f.js?body=1" for 127.0.0.1 at 2015-06-25 11:47:29 -0400


Started GET "/assets/application.self-1b0b6da94db350d02a45c5b0217f3c7c84663b400f78a2985a33f1a9af447241.js?body=1" for 127.0.0.1 at 2015-06-25 11:47:29 -0400


Started GET "/assets/libraries/three.min.self-1f7805e0870ff94285773806bccc88fa4c992a159b02aa5288e070f1356d3836.js?body=1" for 127.0.0.1 at 2015-06-25 11:47:29 -0400


Started GET "/assets/environment.self-e52869d0a0ea2c890de867f53c0dd68e406630750b4852c05719622f572afbce.js?body=1" for 127.0.0.1 at 2015-06-25 11:47:29 -0400


Started GET "/assets/jquery.self-d03a5518f45df77341bdbe6201ba3bfa547ebba8ed64f0ea56bfa5f96ea7c074.js?body=1" for 127.0.0.1 at 2015-06-25 11:47:29 -0400


Started GET "/assets/main.self-d271de2d6343e2c05b9863e80296e216d20bed7caca562e4dafc357513ab773b.js?body=1" for 127.0.0.1 at 2015-06-25 11:47:29 -0400


Started GET "/assets/Sand-8cd9d857e9509a66909f3bf516216695c21abf2316958ea47e96b8de912b5c39.jpg" for 127.0.0.1 at 2015-06-25 11:47:30 -0400


Started GET "/" for 127.0.0.1 at 2015-06-25 11:47:40 -0400
Processing by HomeController#index as HTML
  Rendered home/index.haml within layouts/application (0.1ms)
Completed 200 OK in 37ms (Views: 36.2ms | ActiveRecord: 0.0ms)


Started GET "/assets/jquery.self-d03a5518f45df77341bdbe6201ba3bfa547ebba8ed64f0ea56bfa5f96ea7c074.js?body=1" for 127.0.0.1 at 2015-06-25 11:47:40 -0400


Started GET "/assets/application.self-e80e8f2318043e8af94dddc2adad5a4f09739a8ebb323b3ab31cd71d45fd9113.css?body=1" for 127.0.0.1 at 2015-06-25 11:47:40 -0400


Started GET "/assets/environment.self-e52869d0a0ea2c890de867f53c0dd68e406630750b4852c05719622f572afbce.js?body=1" for 127.0.0.1 at 2015-06-25 11:47:40 -0400


Started GET "/assets/jquery_ujs.self-ca5248a2fad13d6bd58ea121318d642f195f0b2dd818b30615f785ff365e8d1f.js?body=1" for 127.0.0.1 at 2015-06-25 11:47:40 -0400


Started GET "/assets/main.self-d271de2d6343e2c05b9863e80296e216d20bed7caca562e4dafc357513ab773b.js?body=1" for 127.0.0.1 at 2015-06-25 11:47:40 -0400


Started GET "/assets/libraries/three.min.self-1f7805e0870ff94285773806bccc88fa4c992a159b02aa5288e070f1356d3836.js?body=1" for 127.0.0.1 at 2015-06-25 11:47:40 -0400


Started GET "/assets/application.self-1b0b6da94db350d02a45c5b0217f3c7c84663b400f78a2985a33f1a9af447241.js?body=1" for 127.0.0.1 at 2015-06-25 11:47:40 -0400


Started GET "/assets/Sand-8cd9d857e9509a66909f3bf516216695c21abf2316958ea47e96b8de912b5c39.jpg" for 127.0.0.1 at 2015-06-25 11:47:41 -0400


Started GET "/" for 127.0.0.1 at 2015-06-25 11:47:54 -0400
Processing by HomeController#index as HTML
  Rendered home/index.haml within layouts/application (3.1ms)
Completed 200 OK in 314ms (Views: 301.6ms | ActiveRecord: 0.0ms)


Started GET "/assets/jquery.self-d03a5518f45df77341bdbe6201ba3bfa547ebba8ed64f0ea56bfa5f96ea7c074.js?body=1" for 127.0.0.1 at 2015-06-25 11:47:55 -0400


Started GET "/assets/jquery_ujs.self-ca5248a2fad13d6bd58ea121318d642f195f0b2dd818b30615f785ff365e8d1f.js?body=1" for 127.0.0.1 at 2015-06-25 11:47:55 -0400


Started GET "/assets/environment.self-e52869d0a0ea2c890de867f53c0dd68e406630750b4852c05719622f572afbce.js?body=1" for 127.0.0.1 at 2015-06-25 11:47:55 -0400


Started GET "/assets/libraries/three.min.self-1f7805e0870ff94285773806bccc88fa4c992a159b02aa5288e070f1356d3836.js?body=1" for 127.0.0.1 at 2015-06-25 11:47:55 -0400


Started GET "/assets/main.self-d271de2d6343e2c05b9863e80296e216d20bed7caca562e4dafc357513ab773b.js?body=1" for 127.0.0.1 at 2015-06-25 11:47:55 -0400


Started GET "/assets/application.self-1b0b6da94db350d02a45c5b0217f3c7c84663b400f78a2985a33f1a9af447241.js?body=1" for 127.0.0.1 at 2015-06-25 11:47:55 -0400


Started GET "/assets/application.self-e80e8f2318043e8af94dddc2adad5a4f09739a8ebb323b3ab31cd71d45fd9113.css?body=1" for 127.0.0.1 at 2015-06-25 11:47:55 -0400


Started GET "/assets/Sand-8cd9d857e9509a66909f3bf516216695c21abf2316958ea47e96b8de912b5c39.jpg" for 127.0.0.1 at 2015-06-25 11:47:55 -0400


Started GET "/" for 127.0.0.1 at 2015-06-25 11:48:14 -0400
Processing by HomeController#index as HTML
  Rendered home/index.haml within layouts/application (0.1ms)
Completed 200 OK in 19ms (Views: 18.5ms | ActiveRecord: 0.0ms)


Started GET "/assets/application.self-e80e8f2318043e8af94dddc2adad5a4f09739a8ebb323b3ab31cd71d45fd9113.css?body=1" for 127.0.0.1 at 2015-06-25 11:48:14 -0400


Started GET "/assets/main.self-d271de2d6343e2c05b9863e80296e216d20bed7caca562e4dafc357513ab773b.js?body=1" for 127.0.0.1 at 2015-06-25 11:48:14 -0400


Started GET "/assets/environment.self-e52869d0a0ea2c890de867f53c0dd68e406630750b4852c05719622f572afbce.js?body=1" for 127.0.0.1 at 2015-06-25 11:48:14 -0400


Started GET "/assets/libraries/three.min.self-1f7805e0870ff94285773806bccc88fa4c992a159b02aa5288e070f1356d3836.js?body=1" for 127.0.0.1 at 2015-06-25 11:48:14 -0400


Started GET "/assets/jquery.self-d03a5518f45df77341bdbe6201ba3bfa547ebba8ed64f0ea56bfa5f96ea7c074.js?body=1" for 127.0.0.1 at 2015-06-25 11:48:14 -0400


Started GET "/assets/application.self-1b0b6da94db350d02a45c5b0217f3c7c84663b400f78a2985a33f1a9af447241.js?body=1" for 127.0.0.1 at 2015-06-25 11:48:14 -0400


Started GET "/assets/jquery_ujs.self-ca5248a2fad13d6bd58ea121318d642f195f0b2dd818b30615f785ff365e8d1f.js?body=1" for 127.0.0.1 at 2015-06-25 11:48:14 -0400


Started GET "/assets/Sand-8cd9d857e9509a66909f3bf516216695c21abf2316958ea47e96b8de912b5c39.jpg" for 127.0.0.1 at 2015-06-25 11:48:14 -0400


Started GET "/" for 127.0.0.1 at 2015-06-25 11:49:20 -0400
Processing by HomeController#index as HTML
  Rendered home/index.haml within layouts/application (0.1ms)
Completed 200 OK in 29ms (Views: 27.8ms | ActiveRecord: 0.0ms)


Started GET "/assets/application.self-e80e8f2318043e8af94dddc2adad5a4f09739a8ebb323b3ab31cd71d45fd9113.css?body=1" for 127.0.0.1 at 2015-06-25 11:49:20 -0400


Started GET "/assets/environment.self-e52869d0a0ea2c890de867f53c0dd68e406630750b4852c05719622f572afbce.js?body=1" for 127.0.0.1 at 2015-06-25 11:49:20 -0400


Started GET "/assets/application.self-1b0b6da94db350d02a45c5b0217f3c7c84663b400f78a2985a33f1a9af447241.js?body=1" for 127.0.0.1 at 2015-06-25 11:49:20 -0400


Started GET "/assets/main.self-d271de2d6343e2c05b9863e80296e216d20bed7caca562e4dafc357513ab773b.js?body=1" for 127.0.0.1 at 2015-06-25 11:49:20 -0400


Started GET "/assets/jquery_ujs.self-ca5248a2fad13d6bd58ea121318d642f195f0b2dd818b30615f785ff365e8d1f.js?body=1" for 127.0.0.1 at 2015-06-25 11:49:20 -0400


Started GET "/assets/jquery.self-d03a5518f45df77341bdbe6201ba3bfa547ebba8ed64f0ea56bfa5f96ea7c074.js?body=1" for 127.0.0.1 at 2015-06-25 11:49:20 -0400


Started GET "/assets/libraries/three.min.self-1f7805e0870ff94285773806bccc88fa4c992a159b02aa5288e070f1356d3836.js?body=1" for 127.0.0.1 at 2015-06-25 11:49:20 -0400


Started GET "/assets/Sand-8cd9d857e9509a66909f3bf516216695c21abf2316958ea47e96b8de912b5c39.jpg" for 127.0.0.1 at 2015-06-25 11:49:20 -0400


Started GET "/" for 127.0.0.1 at 2015-06-25 11:49:22 -0400
Processing by HomeController#index as HTML
  Rendered home/index.haml within layouts/application (0.2ms)
Completed 200 OK in 30ms (Views: 28.9ms | ActiveRecord: 0.0ms)


Started GET "/assets/application.self-e80e8f2318043e8af94dddc2adad5a4f09739a8ebb323b3ab31cd71d45fd9113.css?body=1" for 127.0.0.1 at 2015-06-25 11:49:22 -0400


Started GET "/assets/jquery_ujs.self-ca5248a2fad13d6bd58ea121318d642f195f0b2dd818b30615f785ff365e8d1f.js?body=1" for 127.0.0.1 at 2015-06-25 11:49:22 -0400


Started GET "/assets/jquery.self-d03a5518f45df77341bdbe6201ba3bfa547ebba8ed64f0ea56bfa5f96ea7c074.js?body=1" for 127.0.0.1 at 2015-06-25 11:49:22 -0400


Started GET "/assets/libraries/three.min.self-1f7805e0870ff94285773806bccc88fa4c992a159b02aa5288e070f1356d3836.js?body=1" for 127.0.0.1 at 2015-06-25 11:49:22 -0400


Started GET "/assets/main.self-d271de2d6343e2c05b9863e80296e216d20bed7caca562e4dafc357513ab773b.js?body=1" for 127.0.0.1 at 2015-06-25 11:49:22 -0400


Started GET "/assets/application.self-1b0b6da94db350d02a45c5b0217f3c7c84663b400f78a2985a33f1a9af447241.js?body=1" for 127.0.0.1 at 2015-06-25 11:49:22 -0400


Started GET "/assets/environment.self-e52869d0a0ea2c890de867f53c0dd68e406630750b4852c05719622f572afbce.js?body=1" for 127.0.0.1 at 2015-06-25 11:49:22 -0400


Started GET "/assets/Sand-8cd9d857e9509a66909f3bf516216695c21abf2316958ea47e96b8de912b5c39.jpg" for 127.0.0.1 at 2015-06-25 11:49:22 -0400


Started GET "/" for 127.0.0.1 at 2015-06-25 11:49:37 -0400
Processing by HomeController#index as HTML
  Rendered home/index.haml within layouts/application (0.1ms)
Completed 200 OK in 19ms (Views: 17.8ms | ActiveRecord: 0.0ms)


Started GET "/" for 127.0.0.1 at 2015-06-25 12:07:32 -0400
Processing by HomeController#index as HTML
  Rendered home/index.haml within layouts/application (0.1ms)
Completed 200 OK in 21ms (Views: 20.9ms | ActiveRecord: 0.0ms)


Started GET "/assets/environment.self-e52869d0a0ea2c890de867f53c0dd68e406630750b4852c05719622f572afbce.js?body=1" for 127.0.0.1 at 2015-06-25 12:07:32 -0400


Started GET "/assets/application.self-e80e8f2318043e8af94dddc2adad5a4f09739a8ebb323b3ab31cd71d45fd9113.css?body=1" for 127.0.0.1 at 2015-06-25 12:07:32 -0400


Started GET "/assets/jquery.self-d03a5518f45df77341bdbe6201ba3bfa547ebba8ed64f0ea56bfa5f96ea7c074.js?body=1" for 127.0.0.1 at 2015-06-25 12:07:32 -0400


Started GET "/assets/libraries/three.min.self-1f7805e0870ff94285773806bccc88fa4c992a159b02aa5288e070f1356d3836.js?body=1" for 127.0.0.1 at 2015-06-25 12:07:32 -0400


Started GET "/assets/jquery_ujs.self-ca5248a2fad13d6bd58ea121318d642f195f0b2dd818b30615f785ff365e8d1f.js?body=1" for 127.0.0.1 at 2015-06-25 12:07:32 -0400


Started GET "/assets/main.self-d271de2d6343e2c05b9863e80296e216d20bed7caca562e4dafc357513ab773b.js?body=1" for 127.0.0.1 at 2015-06-25 12:07:32 -0400


Started GET "/assets/application.self-1b0b6da94db350d02a45c5b0217f3c7c84663b400f78a2985a33f1a9af447241.js?body=1" for 127.0.0.1 at 2015-06-25 12:07:32 -0400


Started GET "/assets/Sand-8cd9d857e9509a66909f3bf516216695c21abf2316958ea47e96b8de912b5c39.jpg" for 127.0.0.1 at 2015-06-25 12:07:33 -0400


Started GET "/" for 127.0.0.1 at 2015-06-25 12:08:40 -0400
Processing by HomeController#index as HTML
  Rendered home/index.haml within layouts/application (1.4ms)
Completed 200 OK in 431ms (Views: 421.3ms | ActiveRecord: 0.0ms)


Started GET "/assets/application.self-e80e8f2318043e8af94dddc2adad5a4f09739a8ebb323b3ab31cd71d45fd9113.css?body=1" for 127.0.0.1 at 2015-06-25 12:08:41 -0400


Started GET "/assets/jquery.self-d03a5518f45df77341bdbe6201ba3bfa547ebba8ed64f0ea56bfa5f96ea7c074.js?body=1" for 127.0.0.1 at 2015-06-25 12:08:41 -0400


Started GET "/assets/application.self-1b0b6da94db350d02a45c5b0217f3c7c84663b400f78a2985a33f1a9af447241.js?body=1" for 127.0.0.1 at 2015-06-25 12:08:41 -0400


Started GET "/assets/jquery_ujs.self-ca5248a2fad13d6bd58ea121318d642f195f0b2dd818b30615f785ff365e8d1f.js?body=1" for 127.0.0.1 at 2015-06-25 12:08:41 -0400


Started GET "/assets/environment.self-7aa969fb3fae70c0e7040501bffd59d0a753bc5f37de28e73e6b167355821b07.js?body=1" for 127.0.0.1 at 2015-06-25 12:08:41 -0400


Started GET "/assets/libraries/three.min.self-1f7805e0870ff94285773806bccc88fa4c992a159b02aa5288e070f1356d3836.js?body=1" for 127.0.0.1 at 2015-06-25 12:08:41 -0400


Started GET "/assets/main.self-d271de2d6343e2c05b9863e80296e216d20bed7caca562e4dafc357513ab773b.js?body=1" for 127.0.0.1 at 2015-06-25 12:08:41 -0400


Started GET "/assets/ground-714ba145e8a394909cd6b6469250c03ffe7e4e1cfa91f4d7ed2f7c355175f673.jpg" for 127.0.0.1 at 2015-06-25 12:08:41 -0400


Started GET "/" for 127.0.0.1 at 2015-06-25 12:12:18 -0400
Processing by HomeController#index as HTML
  Rendered home/index.haml within layouts/application (0.1ms)
Completed 200 OK in 257ms (Views: 256.3ms | ActiveRecord: 0.0ms)


Started GET "/assets/main.self-9fbd4d33dd9ccc2ad5e4861032e66a3b57cc6f8db7ea597b649e1549b0874021.js?body=1" for 127.0.0.1 at 2015-06-25 12:12:18 -0400


Started GET "/assets/environment.self-7aa969fb3fae70c0e7040501bffd59d0a753bc5f37de28e73e6b167355821b07.js?body=1" for 127.0.0.1 at 2015-06-25 12:12:18 -0400


Started GET "/assets/ground-714ba145e8a394909cd6b6469250c03ffe7e4e1cfa91f4d7ed2f7c355175f673.jpg" for 127.0.0.1 at 2015-06-25 12:12:19 -0400


Started GET "/" for 127.0.0.1 at 2015-06-25 12:12:41 -0400
Processing by HomeController#index as HTML
  Rendered home/index.haml within layouts/application (0.1ms)
Completed 200 OK in 190ms (Views: 189.1ms | ActiveRecord: 0.0ms)


Started GET "/assets/application.self-e80e8f2318043e8af94dddc2adad5a4f09739a8ebb323b3ab31cd71d45fd9113.css?body=1" for 127.0.0.1 at 2015-06-25 12:12:41 -0400


Started GET "/assets/jquery_ujs.self-ca5248a2fad13d6bd58ea121318d642f195f0b2dd818b30615f785ff365e8d1f.js?body=1" for 127.0.0.1 at 2015-06-25 12:12:41 -0400


Started GET "/assets/main.self-5944ef5e8b652f3739bef13606babdcda26ab965a79047ec16bd25572c72b42f.js?body=1" for 127.0.0.1 at 2015-06-25 12:12:41 -0400


Started GET "/assets/jquery.self-d03a5518f45df77341bdbe6201ba3bfa547ebba8ed64f0ea56bfa5f96ea7c074.js?body=1" for 127.0.0.1 at 2015-06-25 12:12:41 -0400


Started GET "/assets/environment.self-7aa969fb3fae70c0e7040501bffd59d0a753bc5f37de28e73e6b167355821b07.js?body=1" for 127.0.0.1 at 2015-06-25 12:12:41 -0400


Started GET "/assets/libraries/three.min.self-1f7805e0870ff94285773806bccc88fa4c992a159b02aa5288e070f1356d3836.js?body=1" for 127.0.0.1 at 2015-06-25 12:12:41 -0400


Started GET "/assets/application.self-1b0b6da94db350d02a45c5b0217f3c7c84663b400f78a2985a33f1a9af447241.js?body=1" for 127.0.0.1 at 2015-06-25 12:12:41 -0400


Started GET "/assets/ground-714ba145e8a394909cd6b6469250c03ffe7e4e1cfa91f4d7ed2f7c355175f673.jpg" for 127.0.0.1 at 2015-06-25 12:12:41 -0400


Started GET "/" for 127.0.0.1 at 2015-06-25 12:13:26 -0400
Processing by HomeController#index as HTML
  Rendered home/index.haml within layouts/application (0.1ms)
Completed 200 OK in 243ms (Views: 241.9ms | ActiveRecord: 0.0ms)


Started GET "/assets/jquery_ujs.self-ca5248a2fad13d6bd58ea121318d642f195f0b2dd818b30615f785ff365e8d1f.js?body=1" for 127.0.0.1 at 2015-06-25 12:13:27 -0400


Started GET "/assets/jquery.self-d03a5518f45df77341bdbe6201ba3bfa547ebba8ed64f0ea56bfa5f96ea7c074.js?body=1" for 127.0.0.1 at 2015-06-25 12:13:27 -0400


Started GET "/assets/libraries/three.min.self-1f7805e0870ff94285773806bccc88fa4c992a159b02aa5288e070f1356d3836.js?body=1" for 127.0.0.1 at 2015-06-25 12:13:27 -0400


Started GET "/assets/environment.self-7aa969fb3fae70c0e7040501bffd59d0a753bc5f37de28e73e6b167355821b07.js?body=1" for 127.0.0.1 at 2015-06-25 12:13:27 -0400


Started GET "/assets/application.self-1b0b6da94db350d02a45c5b0217f3c7c84663b400f78a2985a33f1a9af447241.js?body=1" for 127.0.0.1 at 2015-06-25 12:13:27 -0400


Started GET "/assets/main.self-bc56a59c328a4002d580283a140df07f29b9468e34a0ef87f78e78375b60797c.js?body=1" for 127.0.0.1 at 2015-06-25 12:13:27 -0400


Started GET "/assets/application.self-e80e8f2318043e8af94dddc2adad5a4f09739a8ebb323b3ab31cd71d45fd9113.css?body=1" for 127.0.0.1 at 2015-06-25 12:13:27 -0400


Started GET "/assets/ground-714ba145e8a394909cd6b6469250c03ffe7e4e1cfa91f4d7ed2f7c355175f673.jpg" for 127.0.0.1 at 2015-06-25 12:13:27 -0400


Started GET "/" for 127.0.0.1 at 2015-06-25 12:13:58 -0400
Processing by HomeController#index as HTML
  Rendered home/index.haml within layouts/application (0.1ms)
Completed 200 OK in 263ms (Views: 262.0ms | ActiveRecord: 0.0ms)


Started GET "/assets/jquery.self-d03a5518f45df77341bdbe6201ba3bfa547ebba8ed64f0ea56bfa5f96ea7c074.js?body=1" for 127.0.0.1 at 2015-06-25 12:13:58 -0400


Started GET "/assets/jquery_ujs.self-ca5248a2fad13d6bd58ea121318d642f195f0b2dd818b30615f785ff365e8d1f.js?body=1" for 127.0.0.1 at 2015-06-25 12:13:58 -0400


Started GET "/assets/environment.self-7aa969fb3fae70c0e7040501bffd59d0a753bc5f37de28e73e6b167355821b07.js?body=1" for 127.0.0.1 at 2015-06-25 12:13:58 -0400


Started GET "/assets/libraries/three.min.self-1f7805e0870ff94285773806bccc88fa4c992a159b02aa5288e070f1356d3836.js?body=1" for 127.0.0.1 at 2015-06-25 12:13:58 -0400


Started GET "/assets/main.self-e1271da485e9b1be7b6e6732b1420923d67559cbec62a55226e03ccfaae18b07.js?body=1" for 127.0.0.1 at 2015-06-25 12:13:58 -0400


Started GET "/assets/application.self-e80e8f2318043e8af94dddc2adad5a4f09739a8ebb323b3ab31cd71d45fd9113.css?body=1" for 127.0.0.1 at 2015-06-25 12:13:58 -0400


Started GET "/assets/application.self-1b0b6da94db350d02a45c5b0217f3c7c84663b400f78a2985a33f1a9af447241.js?body=1" for 127.0.0.1 at 2015-06-25 12:13:58 -0400


Started GET "/assets/ground-714ba145e8a394909cd6b6469250c03ffe7e4e1cfa91f4d7ed2f7c355175f673.jpg" for 127.0.0.1 at 2015-06-25 12:13:58 -0400


Started GET "/" for 127.0.0.1 at 2015-06-25 12:14:16 -0400
Processing by HomeController#index as HTML
  Rendered home/index.haml within layouts/application (0.1ms)
Completed 200 OK in 252ms (Views: 251.6ms | ActiveRecord: 0.0ms)


Started GET "/assets/application.self-e80e8f2318043e8af94dddc2adad5a4f09739a8ebb323b3ab31cd71d45fd9113.css?body=1" for 127.0.0.1 at 2015-06-25 12:14:17 -0400


Started GET "/assets/jquery_ujs.self-ca5248a2fad13d6bd58ea121318d642f195f0b2dd818b30615f785ff365e8d1f.js?body=1" for 127.0.0.1 at 2015-06-25 12:14:17 -0400


Started GET "/assets/environment.self-7aa969fb3fae70c0e7040501bffd59d0a753bc5f37de28e73e6b167355821b07.js?body=1" for 127.0.0.1 at 2015-06-25 12:14:17 -0400


Started GET "/assets/main.self-e037947f7ff50b6a4f94d6e83c0bd63d309a4e20e61b844a4f058ae0071a32f7.js?body=1" for 127.0.0.1 at 2015-06-25 12:14:17 -0400


Started GET "/assets/libraries/three.min.self-1f7805e0870ff94285773806bccc88fa4c992a159b02aa5288e070f1356d3836.js?body=1" for 127.0.0.1 at 2015-06-25 12:14:17 -0400


Started GET "/assets/application.self-1b0b6da94db350d02a45c5b0217f3c7c84663b400f78a2985a33f1a9af447241.js?body=1" for 127.0.0.1 at 2015-06-25 12:14:17 -0400


Started GET "/assets/jquery.self-d03a5518f45df77341bdbe6201ba3bfa547ebba8ed64f0ea56bfa5f96ea7c074.js?body=1" for 127.0.0.1 at 2015-06-25 12:14:17 -0400


Started GET "/assets/ground-714ba145e8a394909cd6b6469250c03ffe7e4e1cfa91f4d7ed2f7c355175f673.jpg" for 127.0.0.1 at 2015-06-25 12:14:17 -0400
